This is pdfTeX, Version 3.14159265-2.6-1.40.19 (TeX Live 2018) (preloaded format=pdflatex 2018.12.18)  3 MAY 2020 19:38
entering extended mode
 restricted \write18 enabled.
 %&-line parsing enabled.
**chapter2.tex
(./chapter2.tex
LaTeX2e <2018-04-01> patch level 2
Babel <3.18> and hyphenation patterns for 84 language(s) loaded.
! Undefined control sequence.
l.1 \chapter
            {‡∏Å‡∏≤‡∏£‡∏ó‡∏ö‡∏ó‡∏ß‡∏ô‡∏ß‡∏£‡∏£‡∏ì‡∏Å‡∏£‡∏£‡∏°‡∏ó‡∏µ‡πà‡πÄ‡∏Å...
The control sequence at the end of the top line
of your error message was never \def'ed. If you have
misspelled it (e.g., `\hobx'), type `I' and the correct
spelling (e.g., `I\hbox'). Otherwise just continue,
and I'll forget about whatever was undefined.


! Package inputenc Error: Unicode character ‡∏Å (U+E01)
(inputenc)                not set up for use with LaTeX.

See the inputenc package documentation for explanation.
Type  H <return>  for immediate help.
 ...                                              
                                                  
l.1 \chapter{‡∏Å
                ‡∏≤‡∏£‡∏ó‡∏ö‡∏ó‡∏ß‡∏ô‡∏ß‡∏£‡∏£‡∏ì‡∏Å‡∏£‡∏£‡∏°‡∏ó‡∏µ‡πà‡πÄ‡∏Å...

You may provide a definition with
\DeclareUnicodeCharacter 


! Package inputenc Error: Unicode character ‡∏≤ (U+E32)
(inputenc)                not set up for use with LaTeX.

See the inputenc package documentation for explanation.
Type  H <return>  for immediate help.
 ...                                              
                                                  
l.1 \chapter{‡∏Å‡∏≤
                   ‡∏£‡∏ó‡∏ö‡∏ó‡∏ß‡∏ô‡∏ß‡∏£‡∏£‡∏ì‡∏Å‡∏£‡∏£‡∏°‡∏ó‡∏µ‡πà‡πÄ‡∏Å...

You may provide a definition with
\DeclareUnicodeCharacter 


! Package inputenc Error: Unicode character ‡∏£ (U+E23)
(inputenc)                not set up for use with LaTeX.

See the inputenc package documentation for explanation.
Type  H <return>  for immediate help.
 ...                                              
                                                  
l.1 \chapter{‡∏Å‡∏≤‡∏£
                      ‡∏ó‡∏ö‡∏ó‡∏ß‡∏ô‡∏ß‡∏£‡∏£‡∏ì‡∏Å‡∏£‡∏£‡∏°‡∏ó‡∏µ‡πà‡πÄ‡∏Å...

You may provide a definition with
\DeclareUnicodeCharacter 


! Package inputenc Error: Unicode character ‡∏ó (U+E17)
(inputenc)                not set up for use with LaTeX.

See the inputenc package documentation for explanation.
Type  H <return>  for immediate help.
 ...                                              
                                                  
l.1 \chapter{‡∏Å‡∏≤‡∏£‡∏ó
                         ‡∏ö‡∏ó‡∏ß‡∏ô‡∏ß‡∏£‡∏£‡∏ì‡∏Å‡∏£‡∏£‡∏°‡∏ó‡∏µ‡πà‡πÄ‡∏Å...

You may provide a definition with
\DeclareUnicodeCharacter 


! Package inputenc Error: Unicode character ‡∏ö (U+E1A)
(inputenc)                not set up for use with LaTeX.

See the inputenc package documentation for explanation.
Type  H <return>  for immediate help.
 ...                                              
                                                  
l.1 \chapter{‡∏Å‡∏≤‡∏£‡∏ó‡∏ö
                            ‡∏ó‡∏ß‡∏ô‡∏ß‡∏£‡∏£‡∏ì‡∏Å‡∏£‡∏£‡∏°‡∏ó‡∏µ‡πà‡πÄ‡∏Å...

You may provide a definition with
\DeclareUnicodeCharacter 


! Package inputenc Error: Unicode character ‡∏ó (U+E17)
(inputenc)                not set up for use with LaTeX.

See the inputenc package documentation for explanation.
Type  H <return>  for immediate help.
 ...                                              
                                                  
l.1 \chapter{‡∏Å‡∏≤‡∏£‡∏ó‡∏ö‡∏ó
                               ‡∏ß‡∏ô‡∏ß‡∏£‡∏£‡∏ì‡∏Å‡∏£‡∏£‡∏°‡∏ó‡∏µ‡πà‡πÄ‡∏Å...

You may provide a definition with
\DeclareUnicodeCharacter 


! Package inputenc Error: Unicode character ‡∏ß (U+E27)
(inputenc)                not set up for use with LaTeX.

See the inputenc package documentation for explanation.
Type  H <return>  for immediate help.
 ...                                              
                                                  
l.1 \chapter{‡∏Å‡∏≤‡∏£‡∏ó‡∏ö‡∏ó‡∏ß
                                  ‡∏ô‡∏ß‡∏£‡∏£‡∏ì‡∏Å‡∏£‡∏£‡∏°‡∏ó‡∏µ‡πà‡πÄ‡∏Å...

You may provide a definition with
\DeclareUnicodeCharacter 


! Package inputenc Error: Unicode character ‡∏ô (U+E19)
(inputenc)                not set up for use with LaTeX.

See the inputenc package documentation for explanation.
Type  H <return>  for immediate help.
 ...                                              
                                                  
l.1 \chapter{‡∏Å‡∏≤‡∏£‡∏ó‡∏ö‡∏ó‡∏ß‡∏ô
                                     ‡∏ß‡∏£‡∏£‡∏ì‡∏Å‡∏£‡∏£‡∏°‡∏ó‡∏µ‡πà‡πÄ‡∏Å...

You may provide a definition with
\DeclareUnicodeCharacter 


! Package inputenc Error: Unicode character ‡∏ß (U+E27)
(inputenc)                not set up for use with LaTeX.

See the inputenc package documentation for explanation.
Type  H <return>  for immediate help.
 ...                                              
                                                  
l.1 \chapter{‡∏Å‡∏≤‡∏£‡∏ó‡∏ö‡∏ó‡∏ß‡∏ô‡∏ß
                                        ‡∏£‡∏£‡∏ì‡∏Å‡∏£‡∏£‡∏°‡∏ó‡∏µ‡πà‡πÄ‡∏Å...

You may provide a definition with
\DeclareUnicodeCharacter 


! Package inputenc Error: Unicode character ‡∏£ (U+E23)
(inputenc)                not set up for use with LaTeX.

See the inputenc package documentation for explanation.
Type  H <return>  for immediate help.
 ...                                              
                                                  
l.1 \chapter{‡∏Å‡∏≤‡∏£‡∏ó‡∏ö‡∏ó‡∏ß‡∏ô‡∏ß‡∏£
                                           ‡∏£‡∏ì‡∏Å‡∏£‡∏£‡∏°‡∏ó‡∏µ‡πà‡πÄ‡∏Å...

You may provide a definition with
\DeclareUnicodeCharacter 


! Package inputenc Error: Unicode character ‡∏£ (U+E23)
(inputenc)                not set up for use with LaTeX.

See the inputenc package documentation for explanation.
Type  H <return>  for immediate help.
 ...                                              
                                                  
l.1 \chapter{‡∏Å‡∏≤‡∏£‡∏ó‡∏ö‡∏ó‡∏ß‡∏ô‡∏ß‡∏£‡∏£
                                              ‡∏ì‡∏Å‡∏£‡∏£‡∏°‡∏ó‡∏µ‡πà‡πÄ‡∏Å...

You may provide a definition with
\DeclareUnicodeCharacter 


! Package inputenc Error: Unicode character ‡∏ì (U+E13)
(inputenc)                not set up for use with LaTeX.

See the inputenc package documentation for explanation.
Type  H <return>  for immediate help.
 ...                                              
                                                  
l.1 \chapter{‡∏Å‡∏≤‡∏£‡∏ó‡∏ö‡∏ó‡∏ß‡∏ô‡∏ß‡∏£‡∏£‡∏ì
                                                 ‡∏Å‡∏£‡∏£‡∏°‡∏ó‡∏µ‡πà‡πÄ‡∏Å...

You may provide a definition with
\DeclareUnicodeCharacter 


! Package inputenc Error: Unicode character ‡∏Å (U+E01)
(inputenc)                not set up for use with LaTeX.

See the inputenc package documentation for explanation.
Type  H <return>  for immediate help.
 ...                                              
                                                  
l.1 ...ter{‡∏Å‡∏≤‡∏£‡∏ó‡∏ö‡∏ó‡∏ß‡∏ô‡∏ß‡∏£‡∏£‡∏ì‡∏Å
                                                  ‡∏£‡∏£‡∏°‡∏ó‡∏µ‡πà‡πÄ‡∏Å‡∏...

You may provide a definition with
\DeclareUnicodeCharacter 


! Package inputenc Error: Unicode character ‡∏£ (U+E23)
(inputenc)                not set up for use with LaTeX.

See the inputenc package documentation for explanation.
Type  H <return>  for immediate help.
 ...                                              
                                                  
l.1 ...{‡∏Å‡∏≤‡∏£‡∏ó‡∏ö‡∏ó‡∏ß‡∏ô‡∏ß‡∏£‡∏£‡∏ì‡∏Å‡∏£
                                                  ‡∏£‡∏°‡∏ó‡∏µ‡πà‡πÄ‡∏Å‡∏µ‡π...

You may provide a definition with
\DeclareUnicodeCharacter 


! Package inputenc Error: Unicode character ‡∏£ (U+E23)
(inputenc)                not set up for use with LaTeX.

See the inputenc package documentation for explanation.
Type  H <return>  for immediate help.
 ...                                              
                                                  
l.1 ...Å‡∏≤‡∏£‡∏ó‡∏ö‡∏ó‡∏ß‡∏ô‡∏ß‡∏£‡∏£‡∏ì‡∏Å‡∏£‡∏£
                                                  ‡∏°‡∏ó‡∏µ‡πà‡πÄ‡∏Å‡∏µ‡πà‡∏...

You may provide a definition with
\DeclareUnicodeCharacter 


! Package inputenc Error: Unicode character ‡∏° (U+E21)
(inputenc)                not set up for use with LaTeX.

See the inputenc package documentation for explanation.
Type  H <return>  for immediate help.
 ...                                              
                                                  
l.1 ...≤‡∏£‡∏ó‡∏ö‡∏ó‡∏ß‡∏ô‡∏ß‡∏£‡∏£‡∏ì‡∏Å‡∏£‡∏£‡∏°
                                                  ‡∏ó‡∏µ‡πà‡πÄ‡∏Å‡∏µ‡πà‡∏¢‡∏...

You may provide a definition with
\DeclareUnicodeCharacter 


! Package inputenc Error: Unicode character ‡∏ó (U+E17)
(inputenc)                not set up for use with LaTeX.

See the inputenc package documentation for explanation.
Type  H <return>  for immediate help.
 ...                                              
                                                  
l.1 ...£‡∏ó‡∏ö‡∏ó‡∏ß‡∏ô‡∏ß‡∏£‡∏£‡∏ì‡∏Å‡∏£‡∏£‡∏°‡∏ó
                                                  ‡∏µ‡πà‡πÄ‡∏Å‡∏µ‡πà‡∏¢‡∏ß‡∏...

You may provide a definition with
\DeclareUnicodeCharacter 


! Package inputenc Error: Unicode character ‡∏µ (U+E35)
(inputenc)                not set up for use with LaTeX.

See the inputenc package documentation for explanation.
Type  H <return>  for immediate help.
 ...                                              
                                                  
l.1 ...ó‡∏ö‡∏ó‡∏ß‡∏ô‡∏ß‡∏£‡∏£‡∏ì‡∏Å‡∏£‡∏£‡∏°‡∏ó‡∏µ
                                                  ‡πà‡πÄ‡∏Å‡∏µ‡πà‡∏¢‡∏ß‡∏Ç‡π...

You may provide a definition with
\DeclareUnicodeCharacter 


! Package inputenc Error: Unicode character ‡πà (U+E48)
(inputenc)                not set up for use with LaTeX.

See the inputenc package documentation for explanation.
Type  H <return>  for immediate help.
 ...                                              
                                                  
l.1 ...ö‡∏ó‡∏ß‡∏ô‡∏ß‡∏£‡∏£‡∏ì‡∏Å‡∏£‡∏£‡∏°‡∏ó‡∏µ‡πà
                                                  ‡πÄ‡∏Å‡∏µ‡πà‡∏¢‡∏ß‡∏Ç‡πâ‡∏...

You may provide a definition with
\DeclareUnicodeCharacter 


! Package inputenc Error: Unicode character ‡πÄ (U+E40)
(inputenc)                not set up for use with LaTeX.

See the inputenc package documentation for explanation.
Type  H <return>  for immediate help.
 ...                                              
                                                  
l.1 ...ó‡∏ß‡∏ô‡∏ß‡∏£‡∏£‡∏ì‡∏Å‡∏£‡∏£‡∏°‡∏ó‡∏µ‡πà‡πÄ
                                                  ‡∏Å‡∏µ‡πà‡∏¢‡∏ß‡∏Ç‡πâ‡∏≠‡∏á}
You may provide a definition with
\DeclareUnicodeCharacter 


! Package inputenc Error: Unicode character ‡∏Å (U+E01)
(inputenc)                not set up for use with LaTeX.

See the inputenc package documentation for explanation.
Type  H <return>  for immediate help.
 ...                                              
                                                  
l.1 ...ß‡∏ô‡∏ß‡∏£‡∏£‡∏ì‡∏Å‡∏£‡∏£‡∏°‡∏ó‡∏µ‡πà‡πÄ‡∏Å
                                                  ‡∏µ‡πà‡∏¢‡∏ß‡∏Ç‡πâ‡∏≠‡∏á}
You may provide a definition with
\DeclareUnicodeCharacter 


! Package inputenc Error: Unicode character ‡∏µ (U+E35)
(inputenc)                not set up for use with LaTeX.

See the inputenc package documentation for explanation.
Type  H <return>  for immediate help.
 ...                                              
                                                  
l.1 ...ô‡∏ß‡∏£‡∏£‡∏ì‡∏Å‡∏£‡∏£‡∏°‡∏ó‡∏µ‡πà‡πÄ‡∏Å‡∏µ
                                                  ‡πà‡∏¢‡∏ß‡∏Ç‡πâ‡∏≠‡∏á}
You may provide a definition with
\DeclareUnicodeCharacter 


! Package inputenc Error: Unicode character ‡πà (U+E48)
(inputenc)                not set up for use with LaTeX.

See the inputenc package documentation for explanation.
Type  H <return>  for immediate help.
 ...                                              
                                                  
l.1 ...ß‡∏£‡∏£‡∏ì‡∏Å‡∏£‡∏£‡∏°‡∏ó‡∏µ‡πà‡πÄ‡∏Å‡∏µ‡πà
                                                  ‡∏¢‡∏ß‡∏Ç‡πâ‡∏≠‡∏á}
You may provide a definition with
\DeclareUnicodeCharacter 


! Package inputenc Error: Unicode character ‡∏¢ (U+E22)
(inputenc)                not set up for use with LaTeX.

See the inputenc package documentation for explanation.
Type  H <return>  for immediate help.
 ...                                              
                                                  
l.1 ...£‡∏£‡∏ì‡∏Å‡∏£‡∏£‡∏°‡∏ó‡∏µ‡πà‡πÄ‡∏Å‡∏µ‡πà‡∏¢
                                                  ‡∏ß‡∏Ç‡πâ‡∏≠‡∏á}
You may provide a definition with
\DeclareUnicodeCharacter 


! Package inputenc Error: Unicode character ‡∏ß (U+E27)
(inputenc)                not set up for use with LaTeX.

See the inputenc package documentation for explanation.
Type  H <return>  for immediate help.
 ...                                              
                                                  
l.1 ...£‡∏ì‡∏Å‡∏£‡∏£‡∏°‡∏ó‡∏µ‡πà‡πÄ‡∏Å‡∏µ‡πà‡∏¢‡∏ß
                                                  ‡∏Ç‡πâ‡∏≠‡∏á}
You may provide a definition with
\DeclareUnicodeCharacter 


! Package inputenc Error: Unicode character ‡∏Ç (U+E02)
(inputenc)                not set up for use with LaTeX.

See the inputenc package documentation for explanation.
Type  H <return>  for immediate help.
 ...                                              
                                                  
l.1 ...ì‡∏Å‡∏£‡∏£‡∏°‡∏ó‡∏µ‡πà‡πÄ‡∏Å‡∏µ‡πà‡∏¢‡∏ß‡∏Ç
                                                  ‡πâ‡∏≠‡∏á}
You may provide a definition with
\DeclareUnicodeCharacter 


! Package inputenc Error: Unicode character ‡πâ (U+E49)
(inputenc)                not set up for use with LaTeX.

See the inputenc package documentation for explanation.
Type  H <return>  for immediate help.
 ...                                              
                                                  
l.1 ...Å‡∏£‡∏£‡∏°‡∏ó‡∏µ‡πà‡πÄ‡∏Å‡∏µ‡πà‡∏¢‡∏ß‡∏Ç‡πâ
                                                  ‡∏≠‡∏á}
You may provide a definition with
\DeclareUnicodeCharacter 


! Package inputenc Error: Unicode character ‡∏≠ (U+E2D)
(inputenc)                not set up for use with LaTeX.

See the inputenc package documentation for explanation.
Type  H <return>  for immediate help.
 ...                                              
                                                  
l.1 ...£‡∏£‡∏°‡∏ó‡∏µ‡πà‡πÄ‡∏Å‡∏µ‡πà‡∏¢‡∏ß‡∏Ç‡πâ‡∏≠
                                                  ‡∏á}
You may provide a definition with
\DeclareUnicodeCharacter 


! Package inputenc Error: Unicode character ‡∏á (U+E07)
(inputenc)                not set up for use with LaTeX.

See the inputenc package documentation for explanation.
Type  H <return>  for immediate help.
 ...                                              
                                                  
l.1 ...£‡∏°‡∏ó‡∏µ‡πà‡πÄ‡∏Å‡∏µ‡πà‡∏¢‡∏ß‡∏Ç‡πâ‡∏≠‡∏á
                                                  }
You may provide a definition with
\DeclareUnicodeCharacter 

! Undefined control sequence.
l.4 \section
            {‡∏ó‡∏§‡∏©‡∏é‡∏µ‡∏ó‡∏µ‡πà‡πÄ‡∏Å‡∏µ‡πà‡∏¢‡∏ß‡∏Ç‡πâ‡∏≠‡∏á}
The control sequence at the end of the top line
of your error message was never \def'ed. If you have
misspelled it (e.g., `\hobx'), type `I' and the correct
spelling (e.g., `I\hbox'). Otherwise just continue,
and I'll forget about whatever was undefined.


! Package inputenc Error: Unicode character ‡∏ó (U+E17)
(inputenc)                not set up for use with LaTeX.

See the inputenc package documentation for explanation.
Type  H <return>  for immediate help.
 ...                                              
                                                  
l.4 \section{‡∏ó
                ‡∏§‡∏©‡∏é‡∏µ‡∏ó‡∏µ‡πà‡πÄ‡∏Å‡∏µ‡πà‡∏¢‡∏ß‡∏Ç‡πâ‡∏≠‡∏á}
You may provide a definition with
\DeclareUnicodeCharacter 


! Package inputenc Error: Unicode character ‡∏§ (U+E24)
(inputenc)                not set up for use with LaTeX.

See the inputenc package documentation for explanation.
Type  H <return>  for immediate help.
 ...                                              
                                                  
l.4 \section{‡∏ó‡∏§
                   ‡∏©‡∏é‡∏µ‡∏ó‡∏µ‡πà‡πÄ‡∏Å‡∏µ‡πà‡∏¢‡∏ß‡∏Ç‡πâ‡∏≠‡∏á}
You may provide a definition with
\DeclareUnicodeCharacter 


! Package inputenc Error: Unicode character ‡∏© (U+E29)
(inputenc)                not set up for use with LaTeX.

See the inputenc package documentation for explanation.
Type  H <return>  for immediate help.
 ...                                              
                                                  
l.4 \section{‡∏ó‡∏§‡∏©
                      ‡∏é‡∏µ‡∏ó‡∏µ‡πà‡πÄ‡∏Å‡∏µ‡πà‡∏¢‡∏ß‡∏Ç‡πâ‡∏≠‡∏á}
You may provide a definition with
\DeclareUnicodeCharacter 


! Package inputenc Error: Unicode character ‡∏é (U+E0E)
(inputenc)                not set up for use with LaTeX.

See the inputenc package documentation for explanation.
Type  H <return>  for immediate help.
 ...                                              
                                                  
l.4 \section{‡∏ó‡∏§‡∏©‡∏é
                         ‡∏µ‡∏ó‡∏µ‡πà‡πÄ‡∏Å‡∏µ‡πà‡∏¢‡∏ß‡∏Ç‡πâ‡∏≠‡∏á}
You may provide a definition with
\DeclareUnicodeCharacter 


! Package inputenc Error: Unicode character ‡∏µ (U+E35)
(inputenc)                not set up for use with LaTeX.

See the inputenc package documentation for explanation.
Type  H <return>  for immediate help.
 ...                                              
                                                  
l.4 \section{‡∏ó‡∏§‡∏©‡∏é‡∏µ
                            ‡∏ó‡∏µ‡πà‡πÄ‡∏Å‡∏µ‡πà‡∏¢‡∏ß‡∏Ç‡πâ‡∏≠‡∏á}
You may provide a definition with
\DeclareUnicodeCharacter 


! Package inputenc Error: Unicode character ‡∏ó (U+E17)
(inputenc)                not set up for use with LaTeX.

See the inputenc package documentation for explanation.
Type  H <return>  for immediate help.
 ...                                              
                                                  
l.4 \section{‡∏ó‡∏§‡∏©‡∏é‡∏µ‡∏ó
                               ‡∏µ‡πà‡πÄ‡∏Å‡∏µ‡πà‡∏¢‡∏ß‡∏Ç‡πâ‡∏≠‡∏á}
You may provide a definition with
\DeclareUnicodeCharacter 


! Package inputenc Error: Unicode character ‡∏µ (U+E35)
(inputenc)                not set up for use with LaTeX.

See the inputenc package documentation for explanation.
Type  H <return>  for immediate help.
 ...                                              
                                                  
l.4 \section{‡∏ó‡∏§‡∏©‡∏é‡∏µ‡∏ó‡∏µ
                                  ‡πà‡πÄ‡∏Å‡∏µ‡πà‡∏¢‡∏ß‡∏Ç‡πâ‡∏≠‡∏á}
You may provide a definition with
\DeclareUnicodeCharacter 


! Package inputenc Error: Unicode character ‡πà (U+E48)
(inputenc)                not set up for use with LaTeX.

See the inputenc package documentation for explanation.
Type  H <return>  for immediate help.
 ...                                              
                                                  
l.4 \section{‡∏ó‡∏§‡∏©‡∏é‡∏µ‡∏ó‡∏µ‡πà
                                     ‡πÄ‡∏Å‡∏µ‡πà‡∏¢‡∏ß‡∏Ç‡πâ‡∏≠‡∏á}
You may provide a definition with
\DeclareUnicodeCharacter 


! Package inputenc Error: Unicode character ‡πÄ (U+E40)
(inputenc)                not set up for use with LaTeX.

See the inputenc package documentation for explanation.
Type  H <return>  for immediate help.
 ...                                              
                                                  
l.4 \section{‡∏ó‡∏§‡∏©‡∏é‡∏µ‡∏ó‡∏µ‡πà‡πÄ
                                        ‡∏Å‡∏µ‡πà‡∏¢‡∏ß‡∏Ç‡πâ‡∏≠‡∏á}
You may provide a definition with
\DeclareUnicodeCharacter 


! Package inputenc Error: Unicode character ‡∏Å (U+E01)
(inputenc)                not set up for use with LaTeX.

See the inputenc package documentation for explanation.
Type  H <return>  for immediate help.
 ...                                              
                                                  
l.4 \section{‡∏ó‡∏§‡∏©‡∏é‡∏µ‡∏ó‡∏µ‡πà‡πÄ‡∏Å
                                           ‡∏µ‡πà‡∏¢‡∏ß‡∏Ç‡πâ‡∏≠‡∏á}
You may provide a definition with
\DeclareUnicodeCharacter 


! Package inputenc Error: Unicode character ‡∏µ (U+E35)
(inputenc)                not set up for use with LaTeX.

See the inputenc package documentation for explanation.
Type  H <return>  for immediate help.
 ...                                              
                                                  
l.4 \section{‡∏ó‡∏§‡∏©‡∏é‡∏µ‡∏ó‡∏µ‡πà‡πÄ‡∏Å‡∏µ
                                              ‡πà‡∏¢‡∏ß‡∏Ç‡πâ‡∏≠‡∏á}
You may provide a definition with
\DeclareUnicodeCharacter 


! Package inputenc Error: Unicode character ‡πà (U+E48)
(inputenc)                not set up for use with LaTeX.

See the inputenc package documentation for explanation.
Type  H <return>  for immediate help.
 ...                                              
                                                  
l.4 \section{‡∏ó‡∏§‡∏©‡∏é‡∏µ‡∏ó‡∏µ‡πà‡πÄ‡∏Å‡∏µ‡πà
                                                 ‡∏¢‡∏ß‡∏Ç‡πâ‡∏≠‡∏á}
You may provide a definition with
\DeclareUnicodeCharacter 


! Package inputenc Error: Unicode character ‡∏¢ (U+E22)
(inputenc)                not set up for use with LaTeX.

See the inputenc package documentation for explanation.
Type  H <return>  for immediate help.
 ...                                              
                                                  
l.4 ...ion{‡∏ó‡∏§‡∏©‡∏é‡∏µ‡∏ó‡∏µ‡πà‡πÄ‡∏Å‡∏µ‡πà‡∏¢
                                                  ‡∏ß‡∏Ç‡πâ‡∏≠‡∏á}
You may provide a definition with
\DeclareUnicodeCharacter 


! Package inputenc Error: Unicode character ‡∏ß (U+E27)
(inputenc)                not set up for use with LaTeX.

See the inputenc package documentation for explanation.
Type  H <return>  for immediate help.
 ...                                              
                                                  
l.4 ...{‡∏ó‡∏§‡∏©‡∏é‡∏µ‡∏ó‡∏µ‡πà‡πÄ‡∏Å‡∏µ‡πà‡∏¢‡∏ß
                                                  ‡∏Ç‡πâ‡∏≠‡∏á}
You may provide a definition with
\DeclareUnicodeCharacter 


! Package inputenc Error: Unicode character ‡∏Ç (U+E02)
(inputenc)                not set up for use with LaTeX.

See the inputenc package documentation for explanation.
Type  H <return>  for immediate help.
 ...                                              
                                                  
l.4 ...ó‡∏§‡∏©‡∏é‡∏µ‡∏ó‡∏µ‡πà‡πÄ‡∏Å‡∏µ‡πà‡∏¢‡∏ß‡∏Ç
                                                  ‡πâ‡∏≠‡∏á}
You may provide a definition with
\DeclareUnicodeCharacter 


! Package inputenc Error: Unicode character ‡πâ (U+E49)
(inputenc)                not set up for use with LaTeX.

See the inputenc package documentation for explanation.
Type  H <return>  for immediate help.
 ...                                              
                                                  
l.4 ...§‡∏©‡∏é‡∏µ‡∏ó‡∏µ‡πà‡πÄ‡∏Å‡∏µ‡πà‡∏¢‡∏ß‡∏Ç‡πâ
                                                  ‡∏≠‡∏á}
You may provide a definition with
\DeclareUnicodeCharacter 


! Package inputenc Error: Unicode character ‡∏≠ (U+E2D)
(inputenc)                not set up for use with LaTeX.

See the inputenc package documentation for explanation.
Type  H <return>  for immediate help.
 ...                                              
                                                  
l.4 ...©‡∏é‡∏µ‡∏ó‡∏µ‡πà‡πÄ‡∏Å‡∏µ‡πà‡∏¢‡∏ß‡∏Ç‡πâ‡∏≠
                                                  ‡∏á}
You may provide a definition with
\DeclareUnicodeCharacter 


! Package inputenc Error: Unicode character ‡∏á (U+E07)
(inputenc)                not set up for use with LaTeX.

See the inputenc package documentation for explanation.
Type  H <return>  for immediate help.
 ...                                              
                                                  
l.4 ...é‡∏µ‡∏ó‡∏µ‡πà‡πÄ‡∏Å‡∏µ‡πà‡∏¢‡∏ß‡∏Ç‡πâ‡∏≠‡∏á
                                                  }
You may provide a definition with
\DeclareUnicodeCharacter 

! Undefined control sequence.
l.5 \subsection
               {‡∏õ‡∏±‡∏ç‡∏´‡∏≤‡∏Ñ‡∏ß‡∏≤‡∏°‡πÑ‡∏°‡πà‡∏™‡∏°‡∏î‡∏∏‡∏•‡∏Å‡∏±‡∏ô...
The control sequence at the end of the top line
of your error message was never \def'ed. If you have
misspelled it (e.g., `\hobx'), type `I' and the correct
spelling (e.g., `I\hbox'). Otherwise just continue,
and I'll forget about whatever was undefined.


! Package inputenc Error: Unicode character ‡∏õ (U+E1B)
(inputenc)                not set up for use with LaTeX.

See the inputenc package documentation for explanation.
Type  H <return>  for immediate help.
 ...                                              
                                                  
l.5 \subsection{‡∏õ
                   ‡∏±‡∏ç‡∏´‡∏≤‡∏Ñ‡∏ß‡∏≤‡∏°‡πÑ‡∏°‡πà‡∏™‡∏°‡∏î‡∏∏‡∏•‡∏Å‡∏±‡∏ô...

You may provide a definition with
\DeclareUnicodeCharacter 


! Package inputenc Error: Unicode character ‡∏± (U+E31)
(inputenc)                not set up for use with LaTeX.

See the inputenc package documentation for explanation.
Type  H <return>  for immediate help.
 ...                                              
                                                  
l.5 \subsection{‡∏õ‡∏±
                      ‡∏ç‡∏´‡∏≤‡∏Ñ‡∏ß‡∏≤‡∏°‡πÑ‡∏°‡πà‡∏™‡∏°‡∏î‡∏∏‡∏•‡∏Å‡∏±‡∏ô...

You may provide a definition with
\DeclareUnicodeCharacter 


! Package inputenc Error: Unicode character ‡∏ç (U+E0D)
(inputenc)                not set up for use with LaTeX.

See the inputenc package documentation for explanation.
Type  H <return>  for immediate help.
 ...                                              
                                                  
l.5 \subsection{‡∏õ‡∏±‡∏ç
                         ‡∏´‡∏≤‡∏Ñ‡∏ß‡∏≤‡∏°‡πÑ‡∏°‡πà‡∏™‡∏°‡∏î‡∏∏‡∏•‡∏Å‡∏±‡∏ô...

You may provide a definition with
\DeclareUnicodeCharacter 


! Package inputenc Error: Unicode character ‡∏´ (U+E2B)
(inputenc)                not set up for use with LaTeX.

See the inputenc package documentation for explanation.
Type  H <return>  for immediate help.
 ...                                              
                                                  
l.5 \subsection{‡∏õ‡∏±‡∏ç‡∏´
                            ‡∏≤‡∏Ñ‡∏ß‡∏≤‡∏°‡πÑ‡∏°‡πà‡∏™‡∏°‡∏î‡∏∏‡∏•‡∏Å‡∏±‡∏ô...

You may provide a definition with
\DeclareUnicodeCharacter 


! Package inputenc Error: Unicode character ‡∏≤ (U+E32)
(inputenc)                not set up for use with LaTeX.

See the inputenc package documentation for explanation.
Type  H <return>  for immediate help.
 ...                                              
                                                  
l.5 \subsection{‡∏õ‡∏±‡∏ç‡∏´‡∏≤
                               ‡∏Ñ‡∏ß‡∏≤‡∏°‡πÑ‡∏°‡πà‡∏™‡∏°‡∏î‡∏∏‡∏•‡∏Å‡∏±‡∏ô...

You may provide a definition with
\DeclareUnicodeCharacter 


! Package inputenc Error: Unicode character ‡∏Ñ (U+E04)
(inputenc)                not set up for use with LaTeX.

See the inputenc package documentation for explanation.
Type  H <return>  for immediate help.
 ...                                              
                                                  
l.5 \subsection{‡∏õ‡∏±‡∏ç‡∏´‡∏≤‡∏Ñ
                                  ‡∏ß‡∏≤‡∏°‡πÑ‡∏°‡πà‡∏™‡∏°‡∏î‡∏∏‡∏•‡∏Å‡∏±‡∏ô...

You may provide a definition with
\DeclareUnicodeCharacter 


! Package inputenc Error: Unicode character ‡∏ß (U+E27)
(inputenc)                not set up for use with LaTeX.

See the inputenc package documentation for explanation.
Type  H <return>  for immediate help.
 ...                                              
                                                  
l.5 \subsection{‡∏õ‡∏±‡∏ç‡∏´‡∏≤‡∏Ñ‡∏ß
                                     ‡∏≤‡∏°‡πÑ‡∏°‡πà‡∏™‡∏°‡∏î‡∏∏‡∏•‡∏Å‡∏±‡∏ô...

You may provide a definition with
\DeclareUnicodeCharacter 


! Package inputenc Error: Unicode character ‡∏≤ (U+E32)
(inputenc)                not set up for use with LaTeX.

See the inputenc package documentation for explanation.
Type  H <return>  for immediate help.
 ...                                              
                                                  
l.5 \subsection{‡∏õ‡∏±‡∏ç‡∏´‡∏≤‡∏Ñ‡∏ß‡∏≤
                                        ‡∏°‡πÑ‡∏°‡πà‡∏™‡∏°‡∏î‡∏∏‡∏•‡∏Å‡∏±‡∏ô...

You may provide a definition with
\DeclareUnicodeCharacter 


! Package inputenc Error: Unicode character ‡∏° (U+E21)
(inputenc)                not set up for use with LaTeX.

See the inputenc package documentation for explanation.
Type  H <return>  for immediate help.
 ...                                              
                                                  
l.5 \subsection{‡∏õ‡∏±‡∏ç‡∏´‡∏≤‡∏Ñ‡∏ß‡∏≤‡∏°
                                           ‡πÑ‡∏°‡πà‡∏™‡∏°‡∏î‡∏∏‡∏•‡∏Å‡∏±‡∏ô...

You may provide a definition with
\DeclareUnicodeCharacter 


! Package inputenc Error: Unicode character ‡πÑ (U+E44)
(inputenc)                not set up for use with LaTeX.

See the inputenc package documentation for explanation.
Type  H <return>  for immediate help.
 ...                                              
                                                  
l.5 \subsection{‡∏õ‡∏±‡∏ç‡∏´‡∏≤‡∏Ñ‡∏ß‡∏≤‡∏°‡πÑ
                                              ‡∏°‡πà‡∏™‡∏°‡∏î‡∏∏‡∏•‡∏Å‡∏±‡∏ô...

You may provide a definition with
\DeclareUnicodeCharacter 


! Package inputenc Error: Unicode character ‡∏° (U+E21)
(inputenc)                not set up for use with LaTeX.

See the inputenc package documentation for explanation.
Type  H <return>  for immediate help.
 ...                                              
                                                  
l.5 \subsection{‡∏õ‡∏±‡∏ç‡∏´‡∏≤‡∏Ñ‡∏ß‡∏≤‡∏°‡πÑ‡∏°
                                                 ‡πà‡∏™‡∏°‡∏î‡∏∏‡∏•‡∏Å‡∏±‡∏ô...

You may provide a definition with
\DeclareUnicodeCharacter 


! Package inputenc Error: Unicode character ‡πà (U+E48)
(inputenc)                not set up for use with LaTeX.

See the inputenc package documentation for explanation.
Type  H <return>  for immediate help.
 ...                                              
                                                  
l.5 ...ection{‡∏õ‡∏±‡∏ç‡∏´‡∏≤‡∏Ñ‡∏ß‡∏≤‡∏°‡πÑ‡∏°‡πà
                                                  ‡∏™‡∏°‡∏î‡∏∏‡∏•‡∏Å‡∏±‡∏ô‡∏...

You may provide a definition with
\DeclareUnicodeCharacter 


! Package inputenc Error: Unicode character ‡∏™ (U+E2A)
(inputenc)                not set up for use with LaTeX.

See the inputenc package documentation for explanation.
Type  H <return>  for immediate help.
 ...                                              
                                                  
l.5 ...ion{‡∏õ‡∏±‡∏ç‡∏´‡∏≤‡∏Ñ‡∏ß‡∏≤‡∏°‡πÑ‡∏°‡πà‡∏™
                                                  ‡∏°‡∏î‡∏∏‡∏•‡∏Å‡∏±‡∏ô‡∏Ç‡∏...

You may provide a definition with
\DeclareUnicodeCharacter 


! Package inputenc Error: Unicode character ‡∏° (U+E21)
(inputenc)                not set up for use with LaTeX.

See the inputenc package documentation for explanation.
Type  H <return>  for immediate help.
 ...                                              
                                                  
l.5 ...{‡∏õ‡∏±‡∏ç‡∏´‡∏≤‡∏Ñ‡∏ß‡∏≤‡∏°‡πÑ‡∏°‡πà‡∏™‡∏°
                                                  ‡∏î‡∏∏‡∏•‡∏Å‡∏±‡∏ô‡∏Ç‡∏≠‡∏...

You may provide a definition with
\DeclareUnicodeCharacter 


! Package inputenc Error: Unicode character ‡∏î (U+E14)
(inputenc)                not set up for use with LaTeX.

See the inputenc package documentation for explanation.
Type  H <return>  for immediate help.
 ...                                              
                                                  
l.5 ...õ‡∏±‡∏ç‡∏´‡∏≤‡∏Ñ‡∏ß‡∏≤‡∏°‡πÑ‡∏°‡πà‡∏™‡∏°‡∏î
                                                  ‡∏∏‡∏•‡∏Å‡∏±‡∏ô‡∏Ç‡∏≠‡∏á‡∏...

You may provide a definition with
\DeclareUnicodeCharacter 


! Package inputenc Error: Unicode character ‡∏∏ (U+E38)
(inputenc)                not set up for use with LaTeX.

See the inputenc package documentation for explanation.
Type  H <return>  for immediate help.
 ...                                              
                                                  
l.5 ...±‡∏ç‡∏´‡∏≤‡∏Ñ‡∏ß‡∏≤‡∏°‡πÑ‡∏°‡πà‡∏™‡∏°‡∏î‡∏∏
                                                  ‡∏•‡∏Å‡∏±‡∏ô‡∏Ç‡∏≠‡∏á‡∏Å‡∏...

You may provide a definition with
\DeclareUnicodeCharacter 


! Package inputenc Error: Unicode character ‡∏• (U+E25)
(inputenc)                not set up for use with LaTeX.

See the inputenc package documentation for explanation.
Type  H <return>  for immediate help.
 ...                                              
                                                  
l.5 ...ç‡∏´‡∏≤‡∏Ñ‡∏ß‡∏≤‡∏°‡πÑ‡∏°‡πà‡∏™‡∏°‡∏î‡∏∏‡∏•
                                                  ‡∏Å‡∏±‡∏ô‡∏Ç‡∏≠‡∏á‡∏Å‡∏•‡∏...

You may provide a definition with
\DeclareUnicodeCharacter 


! Package inputenc Error: Unicode character ‡∏Å (U+E01)
(inputenc)                not set up for use with LaTeX.

See the inputenc package documentation for explanation.
Type  H <return>  for immediate help.
 ...                                              
                                                  
l.5 ...´‡∏≤‡∏Ñ‡∏ß‡∏≤‡∏°‡πÑ‡∏°‡πà‡∏™‡∏°‡∏î‡∏∏‡∏•‡∏Å
                                                  ‡∏±‡∏ô‡∏Ç‡∏≠‡∏á‡∏Å‡∏•‡∏∏‡π...

You may provide a definition with
\DeclareUnicodeCharacter 


! Package inputenc Error: Unicode character ‡∏± (U+E31)
(inputenc)                not set up for use with LaTeX.

See the inputenc package documentation for explanation.
Type  H <return>  for immediate help.
 ...                                              
                                                  
l.5 ...≤‡∏Ñ‡∏ß‡∏≤‡∏°‡πÑ‡∏°‡πà‡∏™‡∏°‡∏î‡∏∏‡∏•‡∏Å‡∏±
                                                  ‡∏ô‡∏Ç‡∏≠‡∏á‡∏Å‡∏•‡∏∏‡πà‡∏...

You may provide a definition with
\DeclareUnicodeCharacter 


! Package inputenc Error: Unicode character ‡∏ô (U+E19)
(inputenc)                not set up for use with LaTeX.

See the inputenc package documentation for explanation.
Type  H <return>  for immediate help.
 ...                                              
                                                  
l.5 ...Ñ‡∏ß‡∏≤‡∏°‡πÑ‡∏°‡πà‡∏™‡∏°‡∏î‡∏∏‡∏•‡∏Å‡∏±‡∏ô
                                                  ‡∏Ç‡∏≠‡∏á‡∏Å‡∏•‡∏∏‡πà‡∏°‡∏...

You may provide a definition with
\DeclareUnicodeCharacter 


! Package inputenc Error: Unicode character ‡∏Ç (U+E02)
(inputenc)                not set up for use with LaTeX.

See the inputenc package documentation for explanation.
Type  H <return>  for immediate help.
 ...                                              
                                                  
l.5 ...ß‡∏≤‡∏°‡πÑ‡∏°‡πà‡∏™‡∏°‡∏î‡∏∏‡∏•‡∏Å‡∏±‡∏ô‡∏Ç
                                                  ‡∏≠‡∏á‡∏Å‡∏•‡∏∏‡πà‡∏°‡∏Ç‡π...

You may provide a definition with
\DeclareUnicodeCharacter 


! Package inputenc Error: Unicode character ‡∏≠ (U+E2D)
(inputenc)                not set up for use with LaTeX.

See the inputenc package documentation for explanation.
Type  H <return>  for immediate help.
 ...                                              
                                                  
l.5 ...≤‡∏°‡πÑ‡∏°‡πà‡∏™‡∏°‡∏î‡∏∏‡∏•‡∏Å‡∏±‡∏ô‡∏Ç‡∏≠
                                                  ‡∏á‡∏Å‡∏•‡∏∏‡πà‡∏°‡∏Ç‡πâ‡∏...

You may provide a definition with
\DeclareUnicodeCharacter 


! Package inputenc Error: Unicode character ‡∏á (U+E07)
(inputenc)                not set up for use with LaTeX.

See the inputenc package documentation for explanation.
Type  H <return>  for immediate help.
 ...                                              
                                                  
l.5 ...°‡πÑ‡∏°‡πà‡∏™‡∏°‡∏î‡∏∏‡∏•‡∏Å‡∏±‡∏ô‡∏Ç‡∏≠‡∏á
                                                  ‡∏Å‡∏•‡∏∏‡πà‡∏°‡∏Ç‡πâ‡∏≠‡∏...

You may provide a definition with
\DeclareUnicodeCharacter 


! Package inputenc Error: Unicode character ‡∏Å (U+E01)
(inputenc)                not set up for use with LaTeX.

See the inputenc package documentation for explanation.
Type  H <return>  for immediate help.
 ...                                              
                                                  
l.5 ...Ñ‡∏°‡πà‡∏™‡∏°‡∏î‡∏∏‡∏•‡∏Å‡∏±‡∏ô‡∏Ç‡∏≠‡∏á‡∏Å
                                                  ‡∏•‡∏∏‡πà‡∏°‡∏Ç‡πâ‡∏≠‡∏°‡∏...

You may provide a definition with
\DeclareUnicodeCharacter 


! Package inputenc Error: Unicode character ‡∏• (U+E25)
(inputenc)                not set up for use with LaTeX.

See the inputenc package documentation for explanation.
Type  H <return>  for immediate help.
 ...                                              
                                                  
l.5 ...°‡πà‡∏™‡∏°‡∏î‡∏∏‡∏•‡∏Å‡∏±‡∏ô‡∏Ç‡∏≠‡∏á‡∏Å‡∏•
                                                  ‡∏∏‡πà‡∏°‡∏Ç‡πâ‡∏≠‡∏°‡∏π‡∏•}
You may provide a definition with
\DeclareUnicodeCharacter 


! Package inputenc Error: Unicode character ‡∏∏ (U+E38)
(inputenc)                not set up for use with LaTeX.

See the inputenc package documentation for explanation.
Type  H <return>  for immediate help.
 ...                                              
                                                  
l.5 ...à‡∏™‡∏°‡∏î‡∏∏‡∏•‡∏Å‡∏±‡∏ô‡∏Ç‡∏≠‡∏á‡∏Å‡∏•‡∏∏
                                                  ‡πà‡∏°‡∏Ç‡πâ‡∏≠‡∏°‡∏π‡∏•}
You may provide a definition with
\DeclareUnicodeCharacter 


! Package inputenc Error: Unicode character ‡πà (U+E48)
(inputenc)                not set up for use with LaTeX.

See the inputenc package documentation for explanation.
Type  H <return>  for immediate help.
 ...                                              
                                                  
l.5 ...™‡∏°‡∏î‡∏∏‡∏•‡∏Å‡∏±‡∏ô‡∏Ç‡∏≠‡∏á‡∏Å‡∏•‡∏∏‡πà
                                                  ‡∏°‡∏Ç‡πâ‡∏≠‡∏°‡∏π‡∏•}
You may provide a definition with
\DeclareUnicodeCharacter 


! Package inputenc Error: Unicode character ‡∏° (U+E21)
(inputenc)                not set up for use with LaTeX.

See the inputenc package documentation for explanation.
Type  H <return>  for immediate help.
 ...                                              
                                                  
l.5 ...°‡∏î‡∏∏‡∏•‡∏Å‡∏±‡∏ô‡∏Ç‡∏≠‡∏á‡∏Å‡∏•‡∏∏‡πà‡∏°
                                                  ‡∏Ç‡πâ‡∏≠‡∏°‡∏π‡∏•}
You may provide a definition with
\DeclareUnicodeCharacter 


! Package inputenc Error: Unicode character ‡∏Ç (U+E02)
(inputenc)                not set up for use with LaTeX.

See the inputenc package documentation for explanation.
Type  H <return>  for immediate help.
 ...                                              
                                                  
l.5 ...î‡∏∏‡∏•‡∏Å‡∏±‡∏ô‡∏Ç‡∏≠‡∏á‡∏Å‡∏•‡∏∏‡πà‡∏°‡∏Ç
                                                  ‡πâ‡∏≠‡∏°‡∏π‡∏•}
You may provide a definition with
\DeclareUnicodeCharacter 


! Package inputenc Error: Unicode character ‡πâ (U+E49)
(inputenc)                not set up for use with LaTeX.

See the inputenc package documentation for explanation.
Type  H <return>  for immediate help.
 ...                                              
                                                  
l.5 ...∏‡∏•‡∏Å‡∏±‡∏ô‡∏Ç‡∏≠‡∏á‡∏Å‡∏•‡∏∏‡πà‡∏°‡∏Ç‡πâ
                                                  ‡∏≠‡∏°‡∏π‡∏•}
You may provide a definition with
\DeclareUnicodeCharacter 


! Package inputenc Error: Unicode character ‡∏≠ (U+E2D)
(inputenc)                not set up for use with LaTeX.

See the inputenc package documentation for explanation.
Type  H <return>  for immediate help.
 ...                                              
                                                  
l.5 ...•‡∏Å‡∏±‡∏ô‡∏Ç‡∏≠‡∏á‡∏Å‡∏•‡∏∏‡πà‡∏°‡∏Ç‡πâ‡∏≠
                                                  ‡∏°‡∏π‡∏•}
You may provide a definition with
\DeclareUnicodeCharacter 


! Package inputenc Error: Unicode character ‡∏° (U+E21)
(inputenc)                not set up for use with LaTeX.

See the inputenc package documentation for explanation.
Type  H <return>  for immediate help.
 ...                                              
                                                  
l.5 ...Å‡∏±‡∏ô‡∏Ç‡∏≠‡∏á‡∏Å‡∏•‡∏∏‡πà‡∏°‡∏Ç‡πâ‡∏≠‡∏°
                                                  ‡∏π‡∏•}
You may provide a definition with
\DeclareUnicodeCharacter 


! Package inputenc Error: Unicode character ‡∏π (U+E39)
(inputenc)                not set up for use with LaTeX.

See the inputenc package documentation for explanation.
Type  H <return>  for immediate help.
 ...                                              
                                                  
l.5 ...±‡∏ô‡∏Ç‡∏≠‡∏á‡∏Å‡∏•‡∏∏‡πà‡∏°‡∏Ç‡πâ‡∏≠‡∏°‡∏π
                                                  ‡∏•}
You may provide a definition with
\DeclareUnicodeCharacter 


! Package inputenc Error: Unicode character ‡∏• (U+E25)
(inputenc)                not set up for use with LaTeX.

See the inputenc package documentation for explanation.
Type  H <return>  for immediate help.
 ...                                              
                                                  
l.5 ...ô‡∏Ç‡∏≠‡∏á‡∏Å‡∏•‡∏∏‡πà‡∏°‡∏Ç‡πâ‡∏≠‡∏°‡∏π‡∏•
                                                  }
You may provide a definition with
\DeclareUnicodeCharacter 


! Package inputenc Error: Unicode character ‡∏Ñ (U+E04)
(inputenc)                not set up for use with LaTeX.

See the inputenc package documentation for explanation.
Type  H <return>  for immediate help.
 ...                                              
                                                  
l.6 ‡∏Ñ
       ‡∏ß‡∏≤‡∏°‡πÑ‡∏°‡πà‡∏™‡∏°‡∏î‡∏∏‡∏•‡∏Å‡∏±‡∏ô‡∏Ç‡∏≠‡∏á‡∏Å‡∏•‡πà‡∏∏‡∏°‡∏Ç...

You may provide a definition with
\DeclareUnicodeCharacter 


! Package inputenc Error: Unicode character ‡∏ß (U+E27)
(inputenc)                not set up for use with LaTeX.

See the inputenc package documentation for explanation.
Type  H <return>  for immediate help.
 ...                                              
                                                  
l.6 ‡∏Ñ‡∏ß
          ‡∏≤‡∏°‡πÑ‡∏°‡πà‡∏™‡∏°‡∏î‡∏∏‡∏•‡∏Å‡∏±‡∏ô‡∏Ç‡∏≠‡∏á‡∏Å‡∏•‡πà‡∏∏‡∏°‡∏Ç...

You may provide a definition with
\DeclareUnicodeCharacter 


! Package inputenc Error: Unicode character ‡∏≤ (U+E32)
(inputenc)                not set up for use with LaTeX.

See the inputenc package documentation for explanation.
Type  H <return>  for immediate help.
 ...                                              
                                                  
l.6 ‡∏Ñ‡∏ß‡∏≤
             ‡∏°‡πÑ‡∏°‡πà‡∏™‡∏°‡∏î‡∏∏‡∏•‡∏Å‡∏±‡∏ô‡∏Ç‡∏≠‡∏á‡∏Å‡∏•‡πà‡∏∏‡∏°‡∏Ç...

You may provide a definition with
\DeclareUnicodeCharacter 


! Package inputenc Error: Unicode character ‡∏° (U+E21)
(inputenc)                not set up for use with LaTeX.

See the inputenc package documentation for explanation.
Type  H <return>  for immediate help.
 ...                                              
                                                  
l.6 ‡∏Ñ‡∏ß‡∏≤‡∏°
                ‡πÑ‡∏°‡πà‡∏™‡∏°‡∏î‡∏∏‡∏•‡∏Å‡∏±‡∏ô‡∏Ç‡∏≠‡∏á‡∏Å‡∏•‡πà‡∏∏‡∏°‡∏Ç...

You may provide a definition with
\DeclareUnicodeCharacter 


! Package inputenc Error: Unicode character ‡πÑ (U+E44)
(inputenc)                not set up for use with LaTeX.

See the inputenc package documentation for explanation.
Type  H <return>  for immediate help.
 ...                                              
                                                  
l.6 ‡∏Ñ‡∏ß‡∏≤‡∏°‡πÑ
                   ‡∏°‡πà‡∏™‡∏°‡∏î‡∏∏‡∏•‡∏Å‡∏±‡∏ô‡∏Ç‡∏≠‡∏á‡∏Å‡∏•‡πà‡∏∏‡∏°‡∏Ç...

You may provide a definition with
\DeclareUnicodeCharacter 


! Package inputenc Error: Unicode character ‡∏° (U+E21)
(inputenc)                not set up for use with LaTeX.

See the inputenc package documentation for explanation.
Type  H <return>  for immediate help.
 ...                                              
                                                  
l.6 ‡∏Ñ‡∏ß‡∏≤‡∏°‡πÑ‡∏°
                      ‡πà‡∏™‡∏°‡∏î‡∏∏‡∏•‡∏Å‡∏±‡∏ô‡∏Ç‡∏≠‡∏á‡∏Å‡∏•‡πà‡∏∏‡∏°‡∏Ç...

You may provide a definition with
\DeclareUnicodeCharacter 


! Package inputenc Error: Unicode character ‡πà (U+E48)
(inputenc)                not set up for use with LaTeX.

See the inputenc package documentation for explanation.
Type  H <return>  for immediate help.
 ...                                              
                                                  
l.6 ‡∏Ñ‡∏ß‡∏≤‡∏°‡πÑ‡∏°‡πà
                         ‡∏™‡∏°‡∏î‡∏∏‡∏•‡∏Å‡∏±‡∏ô‡∏Ç‡∏≠‡∏á‡∏Å‡∏•‡πà‡∏∏‡∏°‡∏Ç...

You may provide a definition with
\DeclareUnicodeCharacter 


! Package inputenc Error: Unicode character ‡∏™ (U+E2A)
(inputenc)                not set up for use with LaTeX.

See the inputenc package documentation for explanation.
Type  H <return>  for immediate help.
 ...                                              
                                                  
l.6 ‡∏Ñ‡∏ß‡∏≤‡∏°‡πÑ‡∏°‡πà‡∏™
                            ‡∏°‡∏î‡∏∏‡∏•‡∏Å‡∏±‡∏ô‡∏Ç‡∏≠‡∏á‡∏Å‡∏•‡πà‡∏∏‡∏°‡∏Ç...

You may provide a definition with
\DeclareUnicodeCharacter 


! Package inputenc Error: Unicode character ‡∏° (U+E21)
(inputenc)                not set up for use with LaTeX.

See the inputenc package documentation for explanation.
Type  H <return>  for immediate help.
 ...                                              
                                                  
l.6 ‡∏Ñ‡∏ß‡∏≤‡∏°‡πÑ‡∏°‡πà‡∏™‡∏°
                               ‡∏î‡∏∏‡∏•‡∏Å‡∏±‡∏ô‡∏Ç‡∏≠‡∏á‡∏Å‡∏•‡πà‡∏∏‡∏°‡∏Ç...

You may provide a definition with
\DeclareUnicodeCharacter 


! Package inputenc Error: Unicode character ‡∏î (U+E14)
(inputenc)                not set up for use with LaTeX.

See the inputenc package documentation for explanation.
Type  H <return>  for immediate help.
 ...                                              
                                                  
l.6 ‡∏Ñ‡∏ß‡∏≤‡∏°‡πÑ‡∏°‡πà‡∏™‡∏°‡∏î
                                  ‡∏∏‡∏•‡∏Å‡∏±‡∏ô‡∏Ç‡∏≠‡∏á‡∏Å‡∏•‡πà‡∏∏‡∏°‡∏Ç...

You may provide a definition with
\DeclareUnicodeCharacter 


! Package inputenc Error: Unicode character ‡∏∏ (U+E38)
(inputenc)                not set up for use with LaTeX.

See the inputenc package documentation for explanation.
Type  H <return>  for immediate help.
 ...                                              
                                                  
l.6 ‡∏Ñ‡∏ß‡∏≤‡∏°‡πÑ‡∏°‡πà‡∏™‡∏°‡∏î‡∏∏
                                     ‡∏•‡∏Å‡∏±‡∏ô‡∏Ç‡∏≠‡∏á‡∏Å‡∏•‡πà‡∏∏‡∏°‡∏Ç...

You may provide a definition with
\DeclareUnicodeCharacter 


! Package inputenc Error: Unicode character ‡∏• (U+E25)
(inputenc)                not set up for use with LaTeX.

See the inputenc package documentation for explanation.
Type  H <return>  for immediate help.
 ...                                              
                                                  
l.6 ‡∏Ñ‡∏ß‡∏≤‡∏°‡πÑ‡∏°‡πà‡∏™‡∏°‡∏î‡∏∏‡∏•
                                        ‡∏Å‡∏±‡∏ô‡∏Ç‡∏≠‡∏á‡∏Å‡∏•‡πà‡∏∏‡∏°‡∏Ç...

You may provide a definition with
\DeclareUnicodeCharacter 


! Package inputenc Error: Unicode character ‡∏Å (U+E01)
(inputenc)                not set up for use with LaTeX.

See the inputenc package documentation for explanation.
Type  H <return>  for immediate help.
 ...                                              
                                                  
l.6 ‡∏Ñ‡∏ß‡∏≤‡∏°‡πÑ‡∏°‡πà‡∏™‡∏°‡∏î‡∏∏‡∏•‡∏Å
                                           ‡∏±‡∏ô‡∏Ç‡∏≠‡∏á‡∏Å‡∏•‡πà‡∏∏‡∏°‡∏Ç...

You may provide a definition with
\DeclareUnicodeCharacter 


! Package inputenc Error: Unicode character ‡∏± (U+E31)
(inputenc)                not set up for use with LaTeX.

See the inputenc package documentation for explanation.
Type  H <return>  for immediate help.
 ...                                              
                                                  
l.6 ‡∏Ñ‡∏ß‡∏≤‡∏°‡πÑ‡∏°‡πà‡∏™‡∏°‡∏î‡∏∏‡∏•‡∏Å‡∏±
                                              ‡∏ô‡∏Ç‡∏≠‡∏á‡∏Å‡∏•‡πà‡∏∏‡∏°‡∏Ç...

You may provide a definition with
\DeclareUnicodeCharacter 


! Package inputenc Error: Unicode character ‡∏ô (U+E19)
(inputenc)                not set up for use with LaTeX.

See the inputenc package documentation for explanation.
Type  H <return>  for immediate help.
 ...                                              
                                                  
l.6 ‡∏Ñ‡∏ß‡∏≤‡∏°‡πÑ‡∏°‡πà‡∏™‡∏°‡∏î‡∏∏‡∏•‡∏Å‡∏±‡∏ô
                                                 ‡∏Ç‡∏≠‡∏á‡∏Å‡∏•‡πà‡∏∏‡∏°‡∏Ç...

You may provide a definition with
\DeclareUnicodeCharacter 


! Package inputenc Error: Unicode character ‡∏Ç (U+E02)
(inputenc)                not set up for use with LaTeX.

See the inputenc package documentation for explanation.
Type  H <return>  for immediate help.
 ...                                              
                                                  
l.6 ...ß‡∏≤‡∏°‡πÑ‡∏°‡πà‡∏™‡∏°‡∏î‡∏∏‡∏•‡∏Å‡∏±‡∏ô‡∏Ç
                                                  ‡∏≠‡∏á‡∏Å‡∏•‡πà‡∏∏‡∏°‡∏Ç‡π...
(That makes 100 errors; please try again.) 
Here is how much of TeX's memory you used:
 37 strings out of 492649
 521 string characters out of 6129621
 56834 words of memory out of 5000000
 4019 multiletter control sequences out of 15000+600000
 3640 words of font info for 14 fonts, out of 8000000 for 9000
 1141 hyphenation exceptions out of 8191
 10i,0n,10p,509b,37s stack positions out of 5000i,500n,10000p,200000b,80000s

!  ==> Fatal error occurred, no output PDF file produced!
